	Command being timed: "./Count_reads.py -f Trimmed_reads/trimmed_R1_14_3B_control_S10_L008_R1_001.fastq.gz -F Trimmed_reads/trimmed_R2_14_3B_control_S10_L008_R2_001.fastq.gz"
	User time (seconds): 15.91
	System time (seconds): 1.22
	Percent of CPU this job got: 75%
	Elapsed (wall clock) time (h:mm:ss or m:ss): 0:22.79
	Average shared text size (kbytes): 0
	Average unshared data size (kbytes): 0
	Average stack size (kbytes): 0
	Average total size (kbytes): 0
	Maximum resident set size (kbytes): 278044
	Average resident set size (kbytes): 0
	Major (requiring I/O) page faults: 0
	Minor (reclaiming a frame) page faults: 59157
	Voluntary context switches: 1717
	Involuntary context switches: 341019
	Swaps: 0
	File system inputs: 0
	File system outputs: 0
	Socket messages sent: 0
	Socket messages received: 0
	Signals delivered: 0
	Page size (bytes): 4096
	Exit status: 0
