	/projects/bgmp/bailey/miniconda3/envs/QAA/bin/STAR-avx2 --runMode genomeGenerate --runThreadN 8 --genomeDir /projects/bgmp/bailey/bioinfo/Bi623/Assignments/QAA/Mousedb --genomeFastaFiles /projects/bgmp/bailey/bioinfo/Bi623/Assignments/QAA/DBfiles/Mus_musculus.GRCm39.dna.primary_assembly.fa --sjdbGTFfile /projects/bgmp/bailey/bioinfo/Bi623/Assignments/QAA/DBfiles/Mus_musculus.GRCm39.110.gtf
	STAR version: 2.7.10b   compiled: 2023-05-25T06:56:23+0000 :/opt/conda/conda-bld/star_1684997536154/work/source
Sep 10 18:36:43 ..... started STAR run
Sep 10 18:36:43 ... starting to generate Genome files
Sep 10 18:37:25 ..... processing annotations GTF
Sep 10 18:37:39 ... starting to sort Suffix Array. This may take a long time...
Sep 10 18:37:53 ... sorting Suffix Array chunks and saving them to disk...
Sep 10 18:48:00 ... loading chunks from disk, packing SA...
Sep 10 18:49:05 ... finished generating suffix array
Sep 10 18:49:05 ... generating Suffix Array index
Sep 10 18:51:38 ... completed Suffix Array index
Sep 10 18:51:39 ..... inserting junctions into the genome indices
Sep 10 18:54:07 ... writing Genome to disk ...
Sep 10 18:54:08 ... writing Suffix Array to disk ...
Sep 10 18:54:20 ... writing SAindex to disk
Sep 10 18:54:21 ..... finished successfully
	Command being timed: "STAR --runMode genomeGenerate --runThreadN 8 --genomeDir /projects/bgmp/bailey/bioinfo/Bi623/Assignments/QAA/Mousedb --genomeFastaFiles /projects/bgmp/bailey/bioinfo/Bi623/Assignments/QAA/DBfiles/Mus_musculus.GRCm39.dna.primary_assembly.fa --sjdbGTFfile /projects/bgmp/bailey/bioinfo/Bi623/Assignments/QAA/DBfiles/Mus_musculus.GRCm39.110.gtf"
	User time (seconds): 5321.06
	System time (seconds): 48.98
	Percent of CPU this job got: 507%
	Elapsed (wall clock) time (h:mm:ss or m:ss): 17:38.19
	Average shared text size (kbytes): 0
	Average unshared data size (kbytes): 0
	Average stack size (kbytes): 0
	Average total size (kbytes): 0
	Maximum resident set size (kbytes): 32381152
	Average resident set size (kbytes): 0
	Major (requiring I/O) page faults: 0
	Minor (reclaiming a frame) page faults: 21945535
	Voluntary context switches: 17944
	Involuntary context switches: 5223
	Swaps: 0
	File system inputs: 0
	File system outputs: 0
	Socket messages sent: 0
	Socket messages received: 0
	Signals delivered: 0
	Page size (bytes): 4096
	Exit status: 0
