	Command being timed: "./Count_reads.py -f Trimmed_reads/trimmed_R1_8_2F_fox_S7_L008_R1_001.fastq.gz -F Trimmed_reads/trimmed_R2_8_2F_fox_S7_L008_R2_001.fastq.gz"
	User time (seconds): 122.29
	System time (seconds): 3.71
	Percent of CPU this job got: 95%
	Elapsed (wall clock) time (h:mm:ss or m:ss): 2:11.87
	Average shared text size (kbytes): 0
	Average unshared data size (kbytes): 0
	Average stack size (kbytes): 0
	Average total size (kbytes): 0
	Maximum resident set size (kbytes): 1715724
	Average resident set size (kbytes): 0
	Major (requiring I/O) page faults: 0
	Minor (reclaiming a frame) page faults: 293426
	Voluntary context switches: 1708
	Involuntary context switches: 167973
	Swaps: 0
	File system inputs: 0
	File system outputs: 0
	Socket messages sent: 0
	Socket messages received: 0
	Signals delivered: 0
	Page size (bytes): 4096
	Exit status: 0
