	/projects/bgmp/bailey/miniconda3/envs/QAA/bin/STAR-avx2 --runThreadN 8 --runMode alignReads --outFilterMultimapNmax 3 --outSAMunmapped Within KeepPairs --alignIntronMax 1000000 --alignMatesGapMax 1000000 --readFilesCommand zcat --readFilesIn Trimmed_reads/trimmed_R1_14_3B_control_S10_L008_R1_001.fastq.gz Trimmed_reads/trimmed_R2_14_3B_control_S10_L008_R2_001.fastq.gz --genomeDir /projects/bgmp/bailey/bioinfo/Bi623/Assignments/QAA/Mousedb --outFileNamePrefix ./14_3B_aligned/14_3B_control_S10_L008
	STAR version: 2.7.10b   compiled: 2023-05-25T06:56:23+0000 :/opt/conda/conda-bld/star_1684997536154/work/source
Sep 10 19:21:30 ..... started STAR run
Sep 10 19:21:30 ..... loading genome
Sep 10 19:21:44 ..... started mapping
Sep 10 19:22:20 ..... finished mapping
Sep 10 19:22:21 ..... finished successfully
	Command being timed: "STAR --runThreadN 8 --runMode alignReads --outFilterMultimapNmax 3 --outSAMunmapped Within KeepPairs --alignIntronMax 1000000 --alignMatesGapMax 1000000 --readFilesCommand zcat --readFilesIn Trimmed_reads/trimmed_R1_14_3B_control_S10_L008_R1_001.fastq.gz Trimmed_reads/trimmed_R2_14_3B_control_S10_L008_R2_001.fastq.gz --genomeDir /projects/bgmp/bailey/bioinfo/Bi623/Assignments/QAA/Mousedb --outFileNamePrefix ./14_3B_aligned/14_3B_control_S10_L008"
	User time (seconds): 236.59
	System time (seconds): 23.16
	Percent of CPU this job got: 511%
	Elapsed (wall clock) time (h:mm:ss or m:ss): 0:50.80
	Average shared text size (kbytes): 0
	Average unshared data size (kbytes): 0
	Average stack size (kbytes): 0
	Average total size (kbytes): 0
	Maximum resident set size (kbytes): 27356204
	Average resident set size (kbytes): 0
	Major (requiring I/O) page faults: 0
	Minor (reclaiming a frame) page faults: 9414660
	Voluntary context switches: 34218
	Involuntary context switches: 928
	Swaps: 0
	File system inputs: 0
	File system outputs: 0
	Socket messages sent: 0
	Socket messages received: 0
	Signals delivered: 0
	Page size (bytes): 4096
	Exit status: 0
