	/projects/bgmp/bailey/miniconda3/envs/QAA/bin/STAR-avx2 --runThreadN 8 --runMode alignReads --outFilterMultimapNmax 3 --outSAMunmapped Within KeepPairs --alignIntronMax 1000000 --alignMatesGapMax 1000000 --readFilesCommand zcat --readFilesIn Trimmed_reads/trimmed_R1_8_2F_fox_S7_L008_R1_001.fastq.gz Trimmed_reads/trimmed_R2_8_2F_fox_S7_L008_R2_001.fastq.gz --genomeDir /projects/bgmp/bailey/bioinfo/Bi623/Assignments/QAA/Mousedb --outFileNamePrefix ./8_2F_aligned/8_2F_fox_S7_L008
	STAR version: 2.7.10b   compiled: 2023-05-25T06:56:23+0000 :/opt/conda/conda-bld/star_1684997536154/work/source
Sep 10 19:21:20 ..... started STAR run
Sep 10 19:21:20 ..... loading genome
Sep 10 19:21:40 ..... started mapping
Sep 10 19:26:09 ..... finished mapping
Sep 10 19:26:10 ..... finished successfully
	Command being timed: "STAR --runThreadN 8 --runMode alignReads --outFilterMultimapNmax 3 --outSAMunmapped Within KeepPairs --alignIntronMax 1000000 --alignMatesGapMax 1000000 --readFilesCommand zcat --readFilesIn Trimmed_reads/trimmed_R1_8_2F_fox_S7_L008_R1_001.fastq.gz Trimmed_reads/trimmed_R2_8_2F_fox_S7_L008_R2_001.fastq.gz --genomeDir /projects/bgmp/bailey/bioinfo/Bi623/Assignments/QAA/Mousedb --outFileNamePrefix ./8_2F_aligned/8_2F_fox_S7_L008"
	User time (seconds): 1945.72
	System time (seconds): 25.06
	Percent of CPU this job got: 679%
	Elapsed (wall clock) time (h:mm:ss or m:ss): 4:49.93
	Average shared text size (kbytes): 0
	Average unshared data size (kbytes): 0
	Average stack size (kbytes): 0
	Average total size (kbytes): 0
	Maximum resident set size (kbytes): 27532888
	Average resident set size (kbytes): 0
	Major (requiring I/O) page faults: 0
	Minor (reclaiming a frame) page faults: 7001263
	Voluntary context switches: 248374
	Involuntary context switches: 9190
	Swaps: 0
	File system inputs: 0
	File system outputs: 0
	Socket messages sent: 0
	Socket messages received: 0
	Signals delivered: 0
	Page size (bytes): 4096
	Exit status: 0
